D:\VS_PROJECT\DATATYPE\DATATYPE\DEBUG\CPRIMER2ND.OBJ
D:\VS_PROJECT\DATATYPE\DATATYPE\DEBUG\VC110.PDB
D:\VS_PROJECT\DATATYPE\DEBUG\DATATYPE.ILK
D:\VS_PROJECT\DATATYPE\DEBUG\DATATYPE.EXE
D:\VS_PROJECT\DATATYPE\DEBUG\DATATYPE.PDB
D:\VS_Project\datatype\datatype\Debug\cprimer2nd.obj
D:\VS_Project\datatype\datatype\Debug\cl.command.1.tlog
D:\VS_Project\datatype\datatype\Debug\CL.read.1.tlog
D:\VS_Project\datatype\datatype\Debug\CL.write.1.tlog
D:\VS_Project\datatype\datatype\Debug\link-cvtres.read.1.tlog
D:\VS_Project\datatype\datatype\Debug\link-cvtres.write.1.tlog
D:\VS_Project\datatype\datatype\Debug\link-rc.read.1.tlog
D:\VS_Project\datatype\datatype\Debug\link-rc.write.1.tlog
D:\VS_Project\datatype\datatype\Debug\link.command.1.tlog
D:\VS_Project\datatype\datatype\Debug\link.read.1.tlog
D:\VS_Project\datatype\datatype\Debug\link.write.1.tlog
D:\VS_Project\datatype\datatype\Debug\vc110.idb
D:\VS_Project\datatype\datatype\Debug\vc110.pdb
D:\VS_Project\datatype\Debug\datatype.pdb
D:\VS_Project\datatype\Debug\datatype.exe
D:\VS_Project\datatype\Debug\datatype.ilk
